Using pre-set license
Built from '2020.3/staging' branch; Version is '2020.3.25f1 (9b9180224418) revision 10195328'; Using compiler version '192528614'; Build Type 'Release'
OS: 'Windows 10  (10.0.19043) 64bit Professional' Language: 'en' Physical Memory: 32701 MB
BatchMode: 1, IsHumanControllingUs: 0, StartBugReporterOnCrash: 0, Is64bit: 1, IsPro: 0

COMMAND LINE ARGUMENTS:
D:\UnityEditors\2020.3.25f1\Editor\Unity.exe
-adb2
-batchMode
-noUpm
-name
AssetImportWorker0
-projectPath
D:/MobileDev Finals/Do You Know Filipino/Do You Know Filipino
-logFile
Logs/AssetImportWorker0.log
-srvPort
61329
Successfully changed project path to: D:/MobileDev Finals/Do You Know Filipino/Do You Know Filipino
D:/MobileDev Finals/Do You Know Filipino/Do You Know Filipino
Using Asset Import Pipeline V2.
Refreshing native plugins compatible for Editor in 36.39 ms, found 3 plugins.
Preloading 0 native plugins for Editor in 0.00 ms.
Initialize engine version: 2020.3.25f1 (9b9180224418)
[Subsystems] Discovering subsystems at path D:/UnityEditors/2020.3.25f1/Editor/Data/Resources/UnitySubsystems
[Subsystems] Discovering subsystems at path D:/MobileDev Finals/Do You Know Filipino/Do You Know Filipino/Assets
GfxDevice: creating device client; threaded=0
Direct3D:
    Version:  Direct3D 11.0 [level 11.1]
    Renderer: NVIDIA GeForce RTX 3080 (ID=0x2206)
    Vendor:   
    VRAM:     10077 MB
    Driver:   30.0.15.1179
Initialize mono
Mono path[0] = 'D:/UnityEditors/2020.3.25f1/Editor/Data/Managed'
Mono path[1] = 'D:/UnityEditors/2020.3.25f1/Editor/Data/MonoBleedingEdge/lib/mono/unityjit'
Mono config path = 'D:/UnityEditors/2020.3.25f1/Editor/Data/MonoBleedingEdge/etc'
Using monoOptions --debugger-agent=transport=dt_socket,embedding=1,server=y,suspend=n,address=127.0.0.1:56016
Begin MonoManager ReloadAssembly
Registering precompiled unity dll's ...
Register platform support module: D:/UnityEditors/2020.3.25f1/Editor/Data/PlaybackEngines/WindowsStandaloneSupport/UnityEditor.WindowsStandalone.Extensions.dll
Registered in 0.001583 seconds.
Native extension for WindowsStandalone target not found
Refreshing native plugins compatible for Editor in 35.21 ms, found 3 plugins.
Preloading 0 native plugins for Editor in 0.00 ms.
Mono: successfully reloaded assembly
- Completed reload, in  0.462 seconds
Domain Reload Profiling:
	ReloadAssembly (463ms)
		BeginReloadAssembly (47ms)
			ExecutionOrderSort (0ms)
			DisableScriptedObjects (0ms)
			BackupInstance (0ms)
			ReleaseScriptingObjects (0ms)
			CreateAndSetChildDomain (1ms)
		EndReloadAssembly (362ms)
			LoadAssemblies (46ms)
			RebuildTransferFunctionScriptingTraits (0ms)
			SetupTypeCache (118ms)
			ReleaseScriptCaches (0ms)
			RebuildScriptCaches (23ms)
			SetupLoadedEditorAssemblies (136ms)
				LogAssemblyErrors (0ms)
				InitializePlatformSupportModulesInManaged (4ms)
				SetLoadedEditorAssemblies (0ms)
				RefreshPlugins (36ms)
				BeforeProcessingInitializeOnLoad (13ms)
				ProcessInitializeOnLoadAttributes (62ms)
				ProcessInitializeOnLoadMethodAttributes (22ms)
				AfterProcessingInitializeOnLoad (0ms)
				EditorAssembliesLoaded (0ms)
			ExecutionOrderSort2 (0ms)
			AwakeInstancesAfterBackupRestoration (0ms)
Platform modules already initialized, skipping
Registering precompiled user dll's ...
Registered in 0.004289 seconds.
Begin MonoManager ReloadAssembly
Native extension for WindowsStandalone target not found
Refreshing native plugins compatible for Editor in 35.18 ms, found 3 plugins.
Preloading 0 native plugins for Editor in 0.00 ms.
Mono: successfully reloaded assembly
- Completed reload, in  0.882 seconds
Domain Reload Profiling:
	ReloadAssembly (884ms)
		BeginReloadAssembly (115ms)
			ExecutionOrderSort (0ms)
			DisableScriptedObjects (4ms)
			BackupInstance (0ms)
			ReleaseScriptingObjects (0ms)
			CreateAndSetChildDomain (14ms)
		EndReloadAssembly (726ms)
			LoadAssemblies (79ms)
			RebuildTransferFunctionScriptingTraits (0ms)
			SetupTypeCache (240ms)
			ReleaseScriptCaches (0ms)
			RebuildScriptCaches (39ms)
			SetupLoadedEditorAssemblies (272ms)
				LogAssemblyErrors (0ms)
				InitializePlatformSupportModulesInManaged (3ms)
				SetLoadedEditorAssemblies (0ms)
				RefreshPlugins (36ms)
				BeforeProcessingInitializeOnLoad (59ms)
				ProcessInitializeOnLoadAttributes (157ms)
				ProcessInitializeOnLoadMethodAttributes (15ms)
				AfterProcessingInitializeOnLoad (2ms)
				EditorAssembliesLoaded (0ms)
			ExecutionOrderSort2 (0ms)
			AwakeInstancesAfterBackupRestoration (6ms)
Platform modules already initialized, skipping
========================================================================
Worker process is ready to serve import requests
Launched and connected shader compiler UnityShaderCompiler.exe after 0.05 seconds
Refreshing native plugins compatible for Editor in 0.48 ms, found 3 plugins.
Preloading 0 native plugins for Editor in 0.00 ms.
Unloading 2194 Unused Serialized files (Serialized files now loaded: 0)
System memory in use before: 95.8 MB.
System memory in use after: 95.9 MB.

Unloading 28 unused Assets to reduce memory usage. Loaded Objects now: 2627.
Total: 2.370400 ms (FindLiveObjects: 0.126700 ms CreateObjectMapping: 0.061000 ms MarkObjects: 2.130400 ms  DeleteObjects: 0.051200 ms)

AssetImportParameters requested are different than current active one (requested -> active):
  custom:framework-win-MediaFoundation: 216162199b28c13a410421893ffa2e32 -> 
  custom:video-decoder-ogg-theora: a1e56fd34408186e4bbccfd4996cb3dc -> 
  custom:container-muxer-webm: aa71ff27fc2769a1b78a27578f13a17b -> 
  custom:container-demuxer-webm: 4f35f7cbe854078d1ac9338744f61a02 -> 
  custom:container-demuxer-ogg: 62fdf1f143b41e24485cea50d1cbac27 -> 
  custom:video-encoder-webm-vp8: eb34c28f22e8b96e1ab97ce403110664 -> 
  custom:video-codec-MediaFoundation-h265: 746d11721c4dcdbdad8f713fa42b33f4 -> 
  custom:video-decoder-webm-vp8: 9c59270c3fd7afecdb556c50c9e8de78 -> 
  custom:audio-decoder-ogg-vorbis: bf7c407c2cedff20999df2af8eb42d56 -> 
  custom:audio-encoder-webm-vorbis: bf7c407c2cedff20999df2af8eb42d56 -> 
========================================================================
Received Import Request.
  path: Assets
  artifactKey: Guid(00000000000000001000000000000000) Importer(815301076,1909f56bfc062723c751e8b465ee728b)
Start importing Assets using Guid(00000000000000001000000000000000) Importer(815301076,1909f56bfc062723c751e8b465ee728b)  -> (artifact id: '42d402b061de3733987d63b9cc3b64de') in 0.005716 seconds 
  Import took 0.027603 seconds .

========================================================================
Received Import Request.
  Time since last request: 1.075527 seconds.
  path: Assets/Assets
  artifactKey: Guid(0d64b7312f745e44da46a0796321ac89) Importer(815301076,1909f56bfc062723c751e8b465ee728b)
Start importing Assets/Assets using Guid(0d64b7312f745e44da46a0796321ac89) Importer(815301076,1909f56bfc062723c751e8b465ee728b)  -> (artifact id: 'eec41189caf19cee5d98565ec42396b5') in 0.004242 seconds 
  Import took 0.010233 seconds .

========================================================================
Received Import Request.
  Time since last request: 5.176042 seconds.
  path: Assets/Prefabs
  artifactKey: Guid(30840ac2710be054fa66272cc0d53b4a) Importer(815301076,1909f56bfc062723c751e8b465ee728b)
Start importing Assets/Prefabs using Guid(30840ac2710be054fa66272cc0d53b4a) Importer(815301076,1909f56bfc062723c751e8b465ee728b)  -> (artifact id: 'e247888de77cd020a841e9dec93d115c') in 0.003523 seconds 
  Import took 0.013628 seconds .

========================================================================
Received Import Request.
  Time since last request: 5.924245 seconds.
  path: Assets/Scripts
  artifactKey: Guid(027da620ec96ec242b32bde8b8227050) Importer(815301076,1909f56bfc062723c751e8b465ee728b)
Start importing Assets/Scripts using Guid(027da620ec96ec242b32bde8b8227050) Importer(815301076,1909f56bfc062723c751e8b465ee728b)  -> (artifact id: 'e4d7ce74e071a42a46192f0887a1a0cd') in 0.003483 seconds 
  Import took 0.017843 seconds .

========================================================================
Received Import Request.
  Time since last request: 12.095443 seconds.
  path: Assets/Scenes
  artifactKey: Guid(0143847557aaef3408459a36c19f0167) Importer(815301076,1909f56bfc062723c751e8b465ee728b)
Start importing Assets/Scenes using Guid(0143847557aaef3408459a36c19f0167) Importer(815301076,1909f56bfc062723c751e8b465ee728b)  -> (artifact id: '98eca73509fb10810eaf7273615bc7da') in 0.003708 seconds 
  Import took 0.043328 seconds .

========================================================================
Received Import Request.
  Time since last request: 5.562992 seconds.
  path: Assets/Scenes/MainMenu].unity
  artifactKey: Guid(42b65f277fa228f42b3d6732526c524e) Importer(815301076,1909f56bfc062723c751e8b465ee728b)
Start importing Assets/Scenes/MainMenu].unity using Guid(42b65f277fa228f42b3d6732526c524e) Importer(815301076,1909f56bfc062723c751e8b465ee728b)  -> (artifact id: 'd0402cf0194d6eeadd1bbad5713d0f9f') in 0.011147 seconds 
  Import took 0.052854 seconds .

========================================================================
Received Import Request.
  Time since last request: 1.579942 seconds.
  path: Assets/Scenes/MainMenu.unity
  artifactKey: Guid(42b65f277fa228f42b3d6732526c524e) Importer(815301076,1909f56bfc062723c751e8b465ee728b)
Start importing Assets/Scenes/MainMenu.unity using Guid(42b65f277fa228f42b3d6732526c524e) Importer(815301076,1909f56bfc062723c751e8b465ee728b)  -> (artifact id: '60296125d4f5d43afee351261f5e7293') in 0.004138 seconds 
  Import took 0.016103 seconds .

========================================================================
Received Import Request.
  Time since last request: 1.611116 seconds.
  path: Assets/Scenes/SampleScene.unity
  artifactKey: Guid(2cda990e2423bbf4892e6590ba056729) Importer(815301076,1909f56bfc062723c751e8b465ee728b)
Start importing Assets/Scenes/SampleScene.unity using Guid(2cda990e2423bbf4892e6590ba056729) Importer(815301076,1909f56bfc062723c751e8b465ee728b)  -> (artifact id: 'aa27944bdea339c97c39027c7eea529c') in 0.003893 seconds 
  Import took 0.009511 seconds .

========================================================================
Received Import Request.
  Time since last request: 3.217667 seconds.
  path: Assets/Scenes/MainGame.unity
  artifactKey: Guid(2cda990e2423bbf4892e6590ba056729) Importer(815301076,1909f56bfc062723c751e8b465ee728b)
Start importing Assets/Scenes/MainGame.unity using Guid(2cda990e2423bbf4892e6590ba056729) Importer(815301076,1909f56bfc062723c751e8b465ee728b)  -> (artifact id: 'f5adc742d2b68e7fdc53286d4e93f516') in 0.003370 seconds 
  Import took 0.046010 seconds .

========================================================================
Received Import Request.
  Time since last request: 12.838987 seconds.
  path: Assets/Scenes/Do You Know Filipino.unity
  artifactKey: Guid(2cda990e2423bbf4892e6590ba056729) Importer(815301076,1909f56bfc062723c751e8b465ee728b)
Start importing Assets/Scenes/Do You Know Filipino.unity using Guid(2cda990e2423bbf4892e6590ba056729) Importer(815301076,1909f56bfc062723c751e8b465ee728b)  -> (artifact id: 'b796fa7ee1176b985dd7cd17f0e64353') in 0.003330 seconds 
  Import took 0.038148 seconds .

AssetImportWorkerClient::OnTransportError - code=2 error=End of file
